2016/06/25 14:13:43 [error] [exception.CDbException] CDbException: CDbConnection failed to open the DB connection: SQLSTATE[HY000] [2002] No such file or directory in /var/www/html/pruebarbac/vendor/square1-io/yii-framework/db/CDbConnection.php:382
Stack trace:
#0 /var/www/html/pruebarbac/vendor/square1-io/yii-framework/db/CDbConnection.php(330): CDbConnection->open()
#1 /var/www/html/pruebarbac/vendor/square1-io/yii-framework/db/CDbConnection.php(308): CDbConnection->setActive(true)
#2 /var/www/html/pruebarbac/vendor/square1-io/yii-framework/base/CModule.php(387): CDbConnection->init()
#3 /var/www/html/pruebarbac/vendor/square1-io/yii-framework/base/CModule.php(103): CModule->getComponent('db')
#4 /var/www/html/pruebarbac/vendor/square1-io/yii-framework/gii/generators/model/ModelCode.php(60): CModule->__get('db')
#5 /var/www/html/pruebarbac/vendor/square1-io/yii-framework/web/CFormModel.php(39): ModelCode->init()
#6 /var/www/html/pruebarbac/vendor/square1-io/yii-framework/gii/CCodeGenerator.php(153): CFormModel->__construct()
#7 /var/www/html/pruebarbac/vendor/square1-io/yii-framework/gii/CCodeGenerator.php(63): CCodeGenerator->prepare()
#8 /var/www/html/pruebarbac/vendor/square1-io/yii-framework/web/actions/CInlineAction.php(49): CCodeGenerator->actionIndex()
#9 /var/www/html/pruebarbac/vendor/square1-io/yii-framework/web/CController.php(308): CInlineAction->runWithParams(Array)
#10 /var/www/html/pruebarbac/vendor/square1-io/yii-framework/web/CController.php(286): CController->runAction(Object(CInlineAction))
#11 /var/www/html/pruebarbac/vendor/square1-io/yii-framework/web/CController.php(265): CController->runActionWithFilters(Object(CInlineAction), Array)
#12 /var/www/html/pruebarbac/vendor/square1-io/yii-framework/web/CWebApplication.php(282): CController->run('index')
#13 /var/www/html/pruebarbac/vendor/square1-io/yii-framework/web/CWebApplication.php(141): CWebApplication->runController('gii/model/index')
#14 /var/www/html/pruebarbac/vendor/square1-io/yii-framework/base/CApplication.php(180): CWebApplication->processRequest()
#15 /var/www/html/pruebarbac/index.php(13): CApplication->run()
#16 {main}
REQUEST_URI=/pruebarbac/index.php/gii/model/index
HTTP_REFERER=http://localhost/pruebarbac/index.php/gii/default/index
---
2016/06/25 14:16:46 [error] [exception.CDbException] CDbException: CDbConnection failed to open the DB connection: SQLSTATE[HY000] [2002] No such file or directory in /var/www/html/pruebarbac/vendor/square1-io/yii-framework/db/CDbConnection.php:382
Stack trace:
#0 /var/www/html/pruebarbac/vendor/square1-io/yii-framework/db/CDbConnection.php(330): CDbConnection->open()
#1 /var/www/html/pruebarbac/vendor/square1-io/yii-framework/db/CDbConnection.php(308): CDbConnection->setActive(true)
#2 /var/www/html/pruebarbac/vendor/square1-io/yii-framework/base/CModule.php(387): CDbConnection->init()
#3 /var/www/html/pruebarbac/vendor/square1-io/yii-framework/base/CModule.php(103): CModule->getComponent('db')
#4 /var/www/html/pruebarbac/vendor/square1-io/yii-framework/gii/generators/model/ModelCode.php(60): CModule->__get('db')
#5 /var/www/html/pruebarbac/vendor/square1-io/yii-framework/web/CFormModel.php(39): ModelCode->init()
#6 /var/www/html/pruebarbac/vendor/square1-io/yii-framework/gii/CCodeGenerator.php(153): CFormModel->__construct()
#7 /var/www/html/pruebarbac/vendor/square1-io/yii-framework/gii/CCodeGenerator.php(63): CCodeGenerator->prepare()
#8 /var/www/html/pruebarbac/vendor/square1-io/yii-framework/web/actions/CInlineAction.php(49): CCodeGenerator->actionIndex()
#9 /var/www/html/pruebarbac/vendor/square1-io/yii-framework/web/CController.php(308): CInlineAction->runWithParams(Array)
#10 /var/www/html/pruebarbac/vendor/square1-io/yii-framework/web/CController.php(286): CController->runAction(Object(CInlineAction))
#11 /var/www/html/pruebarbac/vendor/square1-io/yii-framework/web/CController.php(265): CController->runActionWithFilters(Object(CInlineAction), Array)
#12 /var/www/html/pruebarbac/vendor/square1-io/yii-framework/web/CWebApplication.php(282): CController->run('index')
#13 /var/www/html/pruebarbac/vendor/square1-io/yii-framework/web/CWebApplication.php(141): CWebApplication->runController('gii/model/index')
#14 /var/www/html/pruebarbac/vendor/square1-io/yii-framework/base/CApplication.php(180): CWebApplication->processRequest()
#15 /var/www/html/pruebarbac/index.php(13): CApplication->run()
#16 {main}
REQUEST_URI=/pruebarbac/index.php/gii/model/index
---
2016/06/25 14:16:48 [error] [exception.CDbException] CDbException: CDbConnection failed to open the DB connection: SQLSTATE[HY000] [2002] No such file or directory in /var/www/html/pruebarbac/vendor/square1-io/yii-framework/db/CDbConnection.php:382
Stack trace:
#0 /var/www/html/pruebarbac/vendor/square1-io/yii-framework/db/CDbConnection.php(330): CDbConnection->open()
#1 /var/www/html/pruebarbac/vendor/square1-io/yii-framework/db/CDbConnection.php(308): CDbConnection->setActive(true)
#2 /var/www/html/pruebarbac/vendor/square1-io/yii-framework/base/CModule.php(387): CDbConnection->init()
#3 /var/www/html/pruebarbac/vendor/square1-io/yii-framework/base/CModule.php(103): CModule->getComponent('db')
#4 /var/www/html/pruebarbac/vendor/square1-io/yii-framework/gii/generators/model/ModelCode.php(60): CModule->__get('db')
#5 /var/www/html/pruebarbac/vendor/square1-io/yii-framework/web/CFormModel.php(39): ModelCode->init()
#6 /var/www/html/pruebarbac/vendor/square1-io/yii-framework/gii/CCodeGenerator.php(153): CFormModel->__construct()
#7 /var/www/html/pruebarbac/vendor/square1-io/yii-framework/gii/CCodeGenerator.php(63): CCodeGenerator->prepare()
#8 /var/www/html/pruebarbac/vendor/square1-io/yii-framework/web/actions/CInlineAction.php(49): CCodeGenerator->actionIndex()
#9 /var/www/html/pruebarbac/vendor/square1-io/yii-framework/web/CController.php(308): CInlineAction->runWithParams(Array)
#10 /var/www/html/pruebarbac/vendor/square1-io/yii-framework/web/CController.php(286): CController->runAction(Object(CInlineAction))
#11 /var/www/html/pruebarbac/vendor/square1-io/yii-framework/web/CController.php(265): CController->runActionWithFilters(Object(CInlineAction), Array)
#12 /var/www/html/pruebarbac/vendor/square1-io/yii-framework/web/CWebApplication.php(282): CController->run('index')
#13 /var/www/html/pruebarbac/vendor/square1-io/yii-framework/web/CWebApplication.php(141): CWebApplication->runController('gii/model/index')
#14 /var/www/html/pruebarbac/vendor/square1-io/yii-framework/base/CApplication.php(180): CWebApplication->processRequest()
#15 /var/www/html/pruebarbac/index.php(13): CApplication->run()
#16 {main}
REQUEST_URI=/pruebarbac/index.php/gii/model/index
---
2016/06/25 14:16:55 [error] [exception.CDbException] CDbException: CDbConnection failed to open the DB connection: SQLSTATE[HY000] [2002] No such file or directory in /var/www/html/pruebarbac/vendor/square1-io/yii-framework/db/CDbConnection.php:382
Stack trace:
#0 /var/www/html/pruebarbac/vendor/square1-io/yii-framework/db/CDbConnection.php(330): CDbConnection->open()
#1 /var/www/html/pruebarbac/vendor/square1-io/yii-framework/db/CDbConnection.php(308): CDbConnection->setActive(true)
#2 /var/www/html/pruebarbac/vendor/square1-io/yii-framework/base/CModule.php(387): CDbConnection->init()
#3 /var/www/html/pruebarbac/vendor/square1-io/yii-framework/base/CModule.php(103): CModule->getComponent('db')
#4 /var/www/html/pruebarbac/vendor/square1-io/yii-framework/gii/generators/model/ModelCode.php(60): CModule->__get('db')
#5 /var/www/html/pruebarbac/vendor/square1-io/yii-framework/web/CFormModel.php(39): ModelCode->init()
#6 /var/www/html/pruebarbac/vendor/square1-io/yii-framework/gii/CCodeGenerator.php(153): CFormModel->__construct()
#7 /var/www/html/pruebarbac/vendor/square1-io/yii-framework/gii/CCodeGenerator.php(63): CCodeGenerator->prepare()
#8 /var/www/html/pruebarbac/vendor/square1-io/yii-framework/web/actions/CInlineAction.php(49): CCodeGenerator->actionIndex()
#9 /var/www/html/pruebarbac/vendor/square1-io/yii-framework/web/CController.php(308): CInlineAction->runWithParams(Array)
#10 /var/www/html/pruebarbac/vendor/square1-io/yii-framework/web/CController.php(286): CController->runAction(Object(CInlineAction))
#11 /var/www/html/pruebarbac/vendor/square1-io/yii-framework/web/CController.php(265): CController->runActionWithFilters(Object(CInlineAction), Array)
#12 /var/www/html/pruebarbac/vendor/square1-io/yii-framework/web/CWebApplication.php(282): CController->run('index')
#13 /var/www/html/pruebarbac/vendor/square1-io/yii-framework/web/CWebApplication.php(141): CWebApplication->runController('gii/model/index')
#14 /var/www/html/pruebarbac/vendor/square1-io/yii-framework/base/CApplication.php(180): CWebApplication->processRequest()
#15 /var/www/html/pruebarbac/index.php(13): CApplication->run()
#16 {main}
REQUEST_URI=/pruebarbac/index.php/gii/model/index
HTTP_REFERER=http://localhost/pruebarbac/index.php/gii/default/index
---
2016/06/25 14:20:47 [error] [exception.CDbException] CDbException: CDbConnection failed to open the DB connection: SQLSTATE[HY000] [2002] No such file or directory in /var/www/html/pruebarbac/vendor/square1-io/yii-framework/db/CDbConnection.php:382
Stack trace:
#0 /var/www/html/pruebarbac/vendor/square1-io/yii-framework/db/CDbConnection.php(330): CDbConnection->open()
#1 /var/www/html/pruebarbac/vendor/square1-io/yii-framework/db/CDbConnection.php(308): CDbConnection->setActive(true)
#2 /var/www/html/pruebarbac/vendor/square1-io/yii-framework/base/CModule.php(387): CDbConnection->init()
#3 /var/www/html/pruebarbac/vendor/square1-io/yii-framework/base/CModule.php(103): CModule->getComponent('db')
#4 /var/www/html/pruebarbac/vendor/square1-io/yii-framework/gii/generators/model/ModelCode.php(60): CModule->__get('db')
#5 /var/www/html/pruebarbac/vendor/square1-io/yii-framework/web/CFormModel.php(39): ModelCode->init()
#6 /var/www/html/pruebarbac/vendor/square1-io/yii-framework/gii/CCodeGenerator.php(153): CFormModel->__construct()
#7 /var/www/html/pruebarbac/vendor/square1-io/yii-framework/gii/CCodeGenerator.php(63): CCodeGenerator->prepare()
#8 /var/www/html/pruebarbac/vendor/square1-io/yii-framework/web/actions/CInlineAction.php(49): CCodeGenerator->actionIndex()
#9 /var/www/html/pruebarbac/vendor/square1-io/yii-framework/web/CController.php(308): CInlineAction->runWithParams(Array)
#10 /var/www/html/pruebarbac/vendor/square1-io/yii-framework/web/CController.php(286): CController->runAction(Object(CInlineAction))
#11 /var/www/html/pruebarbac/vendor/square1-io/yii-framework/web/CController.php(265): CController->runActionWithFilters(Object(CInlineAction), Array)
#12 /var/www/html/pruebarbac/vendor/square1-io/yii-framework/web/CWebApplication.php(282): CController->run('index')
#13 /var/www/html/pruebarbac/vendor/square1-io/yii-framework/web/CWebApplication.php(141): CWebApplication->runController('gii/model/index')
#14 /var/www/html/pruebarbac/vendor/square1-io/yii-framework/base/CApplication.php(180): CWebApplication->processRequest()
#15 /var/www/html/pruebarbac/index.php(13): CApplication->run()
#16 {main}
REQUEST_URI=/pruebarbac/index.php/gii/model/index
HTTP_REFERER=http://localhost/pruebarbac/index.php/gii/default/index
---
2016/06/25 14:24:30 [error] [exception.CDbException] CDbException: CDbConnection failed to open the DB connection: SQLSTATE[HY000] [2002] No such file or directory in /var/www/html/pruebarbac/vendor/square1-io/yii-framework/db/CDbConnection.php:382
Stack trace:
#0 /var/www/html/pruebarbac/vendor/square1-io/yii-framework/db/CDbConnection.php(330): CDbConnection->open()
#1 /var/www/html/pruebarbac/vendor/square1-io/yii-framework/db/CDbConnection.php(308): CDbConnection->setActive(true)
#2 /var/www/html/pruebarbac/vendor/square1-io/yii-framework/base/CModule.php(387): CDbConnection->init()
#3 /var/www/html/pruebarbac/vendor/square1-io/yii-framework/base/CModule.php(103): CModule->getComponent('db')
#4 /var/www/html/pruebarbac/vendor/square1-io/yii-framework/gii/generators/model/ModelCode.php(60): CModule->__get('db')
#5 /var/www/html/pruebarbac/vendor/square1-io/yii-framework/web/CFormModel.php(39): ModelCode->init()
#6 /var/www/html/pruebarbac/vendor/square1-io/yii-framework/gii/CCodeGenerator.php(153): CFormModel->__construct()
#7 /var/www/html/pruebarbac/vendor/square1-io/yii-framework/gii/CCodeGenerator.php(63): CCodeGenerator->prepare()
#8 /var/www/html/pruebarbac/vendor/square1-io/yii-framework/web/actions/CInlineAction.php(49): CCodeGenerator->actionIndex()
#9 /var/www/html/pruebarbac/vendor/square1-io/yii-framework/web/CController.php(308): CInlineAction->runWithParams(Array)
#10 /var/www/html/pruebarbac/vendor/square1-io/yii-framework/web/CController.php(286): CController->runAction(Object(CInlineAction))
#11 /var/www/html/pruebarbac/vendor/square1-io/yii-framework/web/CController.php(265): CController->runActionWithFilters(Object(CInlineAction), Array)
#12 /var/www/html/pruebarbac/vendor/square1-io/yii-framework/web/CWebApplication.php(282): CController->run('index')
#13 /var/www/html/pruebarbac/vendor/square1-io/yii-framework/web/CWebApplication.php(141): CWebApplication->runController('gii/model/index')
#14 /var/www/html/pruebarbac/vendor/square1-io/yii-framework/base/CApplication.php(180): CWebApplication->processRequest()
#15 /var/www/html/pruebarbac/index.php(13): CApplication->run()
#16 {main}
REQUEST_URI=/pruebarbac/index.php/gii/model/index
---
2016/06/25 15:09:57 [error] [system.db.CDbCommand] CDbCommand::() failed: SQLSTATE[42703]: Undefined column: 7 ERROR:  no existe la columna b.person_name
LINE 1: select b.person_name from person_role as a left join role as...
               ^. The SQL statement executed was: select b.person_name from person_role as a left join role as b on a.role_id=b.role_id where a.person_id=:person_id.
in /var/www/html/pruebarbac/protected/models/Person.php (169)
in /var/www/html/pruebarbac/protected/components/UserIdentity.php (41)
in /var/www/html/pruebarbac/protected/models/LoginForm.php (52)
2016/06/25 15:09:57 [error] [exception.CDbException] CDbException: CDbCommand failed to execute the SQL statement: SQLSTATE[42703]: Undefined column: 7 ERROR:  no existe la columna b.person_name
LINE 1: select b.person_name from person_role as a left join role as...
               ^. The SQL statement executed was: select b.person_name from person_role as a left join role as b on a.role_id=b.role_id where a.person_id=:person_id in /var/www/html/pruebarbac/vendor/square1-io/yii-framework/db/CDbCommand.php:543
Stack trace:
#0 /var/www/html/pruebarbac/vendor/square1-io/yii-framework/db/CDbCommand.php(377): CDbCommand->queryInternal('', 0, Array)
#1 /var/www/html/pruebarbac/protected/models/Person.php(169): CDbCommand->query()
#2 /var/www/html/pruebarbac/protected/components/UserIdentity.php(41): Person->getCurrentPersonRole()
#3 /var/www/html/pruebarbac/protected/models/LoginForm.php(52): UserIdentity->authenticate()
#4 /var/www/html/pruebarbac/vendor/square1-io/yii-framework/validators/CInlineValidator.php(42): LoginForm->authenticate('password', Array)
#5 /var/www/html/pruebarbac/vendor/square1-io/yii-framework/validators/CValidator.php(213): CInlineValidator->validateAttribute(Object(LoginForm), 'password')
#6 /var/www/html/pruebarbac/vendor/square1-io/yii-framework/base/CModel.php(159): CValidator->validate(Object(LoginForm), Array)
#7 /var/www/html/pruebarbac/protected/controllers/SiteController.php(157): CModel->validate()
#8 /var/www/html/pruebarbac/vendor/square1-io/yii-framework/web/actions/CInlineAction.php(49): SiteController->actionLogin()
#9 /var/www/html/pruebarbac/vendor/square1-io/yii-framework/web/CController.php(308): CInlineAction->runWithParams(Array)
#10 /var/www/html/pruebarbac/vendor/square1-io/yii-framework/web/CController.php(286): CController->runAction(Object(CInlineAction))
#11 /var/www/html/pruebarbac/vendor/square1-io/yii-framework/web/CController.php(265): CController->runActionWithFilters(Object(CInlineAction), Array)
#12 /var/www/html/pruebarbac/vendor/square1-io/yii-framework/web/CWebApplication.php(282): CController->run('login')
#13 /var/www/html/pruebarbac/vendor/square1-io/yii-framework/web/CWebApplication.php(141): CWebApplication->runController('site/login')
#14 /var/www/html/pruebarbac/vendor/square1-io/yii-framework/base/CApplication.php(180): CWebApplication->processRequest()
#15 /var/www/html/pruebarbac/index.php(13): CApplication->run()
#16 {main}
REQUEST_URI=/pruebarbac/index.php/site/login
HTTP_REFERER=http://localhost/pruebarbac/index.php/site/login
---
2016/06/25 20:13:58 [error] [exception.CHttpException.404] CHttpException: No es posible resolver la solicitud "dashboard.html" in /var/www/html/pruebarbac/vendor/square1-io/yii-framework/web/CWebApplication.php:286
Stack trace:
#0 /var/www/html/pruebarbac/vendor/square1-io/yii-framework/web/CWebApplication.php(141): CWebApplication->runController('dashboard.html')
#1 /var/www/html/pruebarbac/vendor/square1-io/yii-framework/base/CApplication.php(180): CWebApplication->processRequest()
#2 /var/www/html/pruebarbac/index.php(13): CApplication->run()
#3 {main}
REQUEST_URI=/pruebarbac/dashboard.html
HTTP_REFERER=http://localhost/pruebarbac/rbac
---
2016/06/25 21:53:14 [error] [exception.CException] CException: CAssetManager.basePath "/var/www/html/plataformaik/assets" es inválido. Asegúrese que el directorio exista y tenga permisos de escritura por el proceso que corre el servidor Web. in /var/www/html/plataformaik/vendor/square1-io/yii-framework/web/CAssetManager.php:138
Stack trace:
#0 /var/www/html/plataformaik/vendor/square1-io/yii-framework/web/CAssetManager.php(123): CAssetManager->setBasePath('/var/www/html/p...')
#1 /var/www/html/plataformaik/vendor/square1-io/yii-framework/web/CAssetManager.php(217): CAssetManager->getBasePath()
#2 /var/www/html/plataformaik/protected/modules/rbacui/RbacuiModule.php(34): CAssetManager->publish('/var/www/html/p...', false, -1, true)
#3 /var/www/html/plataformaik/protected/modules/rbacui/RbacuiModule.php(44): RbacuiModule->getAssetsUrl()
#4 /var/www/html/plataformaik/protected/modules/rbacui/RbacuiModule.php(18): RbacuiModule->registerAssets()
#5 /var/www/html/plataformaik/vendor/square1-io/yii-framework/base/CModule.php(90): RbacuiModule->init()
#6 /var/www/html/plataformaik/vendor/square1-io/yii-framework/YiiBase.php(206): CModule->__construct('rbac', NULL, Array)
#7 /var/www/html/plataformaik/vendor/square1-io/yii-framework/base/CModule.php(282): YiiBase::createComponent(Array, 'rbac', NULL, Array)
#8 /var/www/html/plataformaik/vendor/square1-io/yii-framework/web/CWebApplication.php(337): CModule->getModule('rbac')
#9 /var/www/html/plataformaik/vendor/square1-io/yii-framework/web/CWebApplication.php(276): CWebApplication->createController('')
#10 /var/www/html/plataformaik/vendor/square1-io/yii-framework/web/CWebApplication.php(141): CWebApplication->runController('rbac')
#11 /var/www/html/plataformaik/vendor/square1-io/yii-framework/base/CApplication.php(180): CWebApplication->processRequest()
#12 /var/www/html/plataformaik/index.php(13): CApplication->run()
#13 {main}
REQUEST_URI=/plataformaik/rbac
---
2016/07/18 20:51:20 [error] [system.db.CDbCommand] CDbCommand::execute() falló: SQLSTATE[23503]: Foreign key violation: 7 ERROR:  inserción o actualización en la tabla «auth_assignment» viola la llave foránea «fk_auth_ass_auth_assi_auth_ite»
DETAIL:  La llave (itemname)=(cliente) no está presente en la tabla «auth_item».. La sentencia SQL ejecutada fue: INSERT INTO "auth_assignment" ("itemname", "userid", "bizrule", "data") VALUES (:itemname, :userid, :bizrule, :data).
in /var/www/html/plataformaik/protected/components/UserIdentity.php (46)
in /var/www/html/plataformaik/protected/models/LoginForm.php (52)
in /var/www/html/plataformaik/protected/controllers/SiteController.php (148)
2016/07/18 20:51:20 [error] [exception.CDbException] CDbException: CDbCommand falló al ejecutar la sentencia SQL: SQLSTATE[23503]: Foreign key violation: 7 ERROR:  inserción o actualización en la tabla «auth_assignment» viola la llave foránea «fk_auth_ass_auth_assi_auth_ite»
DETAIL:  La llave (itemname)=(cliente) no está presente en la tabla «auth_item».. The SQL statement executed was: INSERT INTO "auth_assignment" ("itemname", "userid", "bizrule", "data") VALUES (:itemname, :userid, :bizrule, :data) in /var/www/html/plataformaik/vendor/square1-io/yii-framework/db/CDbCommand.php:358
Stack trace:
#0 /var/www/html/plataformaik/vendor/square1-io/yii-framework/db/CDbCommand.php(1250): CDbCommand->execute(Array)
#1 /var/www/html/plataformaik/vendor/square1-io/yii-framework/web/auth/CDbAuthManager.php(262): CDbCommand->insert('auth_assignment', Array)
#2 /var/www/html/plataformaik/protected/components/UserIdentity.php(46): CDbAuthManager->assign('cliente', 'usr_001')
#3 /var/www/html/plataformaik/protected/models/LoginForm.php(52): UserIdentity->authenticate()
#4 /var/www/html/plataformaik/vendor/square1-io/yii-framework/validators/CInlineValidator.php(42): LoginForm->authenticate('password', Array)
#5 /var/www/html/plataformaik/vendor/square1-io/yii-framework/validators/CValidator.php(213): CInlineValidator->validateAttribute(Object(LoginForm), 'password')
#6 /var/www/html/plataformaik/vendor/square1-io/yii-framework/base/CModel.php(159): CValidator->validate(Object(LoginForm), Array)
#7 /var/www/html/plataformaik/vendor/square1-io/yii-framework/web/widgets/CActiveForm.php(920): CModel->validate(NULL)
#8 /var/www/html/plataformaik/protected/controllers/SiteController.php(148): CActiveForm::validate(Array)
#9 /var/www/html/plataformaik/vendor/square1-io/yii-framework/web/actions/CInlineAction.php(49): SiteController->actionLogin()
#10 /var/www/html/plataformaik/vendor/square1-io/yii-framework/web/CController.php(308): CInlineAction->runWithParams(Array)
#11 /var/www/html/plataformaik/vendor/square1-io/yii-framework/web/CController.php(286): CController->runAction(Object(CInlineAction))
#12 /var/www/html/plataformaik/vendor/square1-io/yii-framework/web/CController.php(265): CController->runActionWithFilters(Object(CInlineAction), Array)
#13 /var/www/html/plataformaik/vendor/square1-io/yii-framework/web/CWebApplication.php(282): CController->run('login')
#14 /var/www/html/plataformaik/vendor/square1-io/yii-framework/web/CWebApplication.php(141): CWebApplication->runController('site/login')
#15 /var/www/html/plataformaik/vendor/square1-io/yii-framework/base/CApplication.php(180): CWebApplication->processRequest()
#16 /var/www/html/plataformaik/index.php(13): CApplication->run()
#17 {main}
REQUEST_URI=/plataformaik/site/login
HTTP_REFERER=http://localhost/plataformaik/site/login
---
2016/07/18 20:51:22 [error] [system.db.CDbCommand] CDbCommand::execute() falló: SQLSTATE[23503]: Foreign key violation: 7 ERROR:  inserción o actualización en la tabla «auth_assignment» viola la llave foránea «fk_auth_ass_auth_assi_auth_ite»
DETAIL:  La llave (itemname)=(cliente) no está presente en la tabla «auth_item».. La sentencia SQL ejecutada fue: INSERT INTO "auth_assignment" ("itemname", "userid", "bizrule", "data") VALUES (:itemname, :userid, :bizrule, :data).
in /var/www/html/plataformaik/protected/components/UserIdentity.php (46)
in /var/www/html/plataformaik/protected/models/LoginForm.php (52)
in /var/www/html/plataformaik/protected/controllers/SiteController.php (148)
2016/07/18 20:51:22 [error] [exception.CDbException] CDbException: CDbCommand falló al ejecutar la sentencia SQL: SQLSTATE[23503]: Foreign key violation: 7 ERROR:  inserción o actualización en la tabla «auth_assignment» viola la llave foránea «fk_auth_ass_auth_assi_auth_ite»
DETAIL:  La llave (itemname)=(cliente) no está presente en la tabla «auth_item».. The SQL statement executed was: INSERT INTO "auth_assignment" ("itemname", "userid", "bizrule", "data") VALUES (:itemname, :userid, :bizrule, :data) in /var/www/html/plataformaik/vendor/square1-io/yii-framework/db/CDbCommand.php:358
Stack trace:
#0 /var/www/html/plataformaik/vendor/square1-io/yii-framework/db/CDbCommand.php(1250): CDbCommand->execute(Array)
#1 /var/www/html/plataformaik/vendor/square1-io/yii-framework/web/auth/CDbAuthManager.php(262): CDbCommand->insert('auth_assignment', Array)
#2 /var/www/html/plataformaik/protected/components/UserIdentity.php(46): CDbAuthManager->assign('cliente', 'usr_001')
#3 /var/www/html/plataformaik/protected/models/LoginForm.php(52): UserIdentity->authenticate()
#4 /var/www/html/plataformaik/vendor/square1-io/yii-framework/validators/CInlineValidator.php(42): LoginForm->authenticate('password', Array)
#5 /var/www/html/plataformaik/vendor/square1-io/yii-framework/validators/CValidator.php(213): CInlineValidator->validateAttribute(Object(LoginForm), 'password')
#6 /var/www/html/plataformaik/vendor/square1-io/yii-framework/base/CModel.php(159): CValidator->validate(Object(LoginForm), Array)
#7 /var/www/html/plataformaik/vendor/square1-io/yii-framework/web/widgets/CActiveForm.php(920): CModel->validate(NULL)
#8 /var/www/html/plataformaik/protected/controllers/SiteController.php(148): CActiveForm::validate(Array)
#9 /var/www/html/plataformaik/vendor/square1-io/yii-framework/web/actions/CInlineAction.php(49): SiteController->actionLogin()
#10 /var/www/html/plataformaik/vendor/square1-io/yii-framework/web/CController.php(308): CInlineAction->runWithParams(Array)
#11 /var/www/html/plataformaik/vendor/square1-io/yii-framework/web/CController.php(286): CController->runAction(Object(CInlineAction))
#12 /var/www/html/plataformaik/vendor/square1-io/yii-framework/web/CController.php(265): CController->runActionWithFilters(Object(CInlineAction), Array)
#13 /var/www/html/plataformaik/vendor/square1-io/yii-framework/web/CWebApplication.php(282): CController->run('login')
#14 /var/www/html/plataformaik/vendor/square1-io/yii-framework/web/CWebApplication.php(141): CWebApplication->runController('site/login')
#15 /var/www/html/plataformaik/vendor/square1-io/yii-framework/base/CApplication.php(180): CWebApplication->processRequest()
#16 /var/www/html/plataformaik/index.php(13): CApplication->run()
#17 {main}
REQUEST_URI=/plataformaik/site/login
HTTP_REFERER=http://localhost/plataformaik/site/login
---
2016/07/18 20:51:23 [error] [system.db.CDbCommand] CDbCommand::execute() falló: SQLSTATE[23503]: Foreign key violation: 7 ERROR:  inserción o actualización en la tabla «auth_assignment» viola la llave foránea «fk_auth_ass_auth_assi_auth_ite»
DETAIL:  La llave (itemname)=(cliente) no está presente en la tabla «auth_item».. La sentencia SQL ejecutada fue: INSERT INTO "auth_assignment" ("itemname", "userid", "bizrule", "data") VALUES (:itemname, :userid, :bizrule, :data).
in /var/www/html/plataformaik/protected/components/UserIdentity.php (46)
in /var/www/html/plataformaik/protected/models/LoginForm.php (52)
in /var/www/html/plataformaik/protected/controllers/SiteController.php (148)
2016/07/18 20:51:23 [error] [exception.CDbException] CDbException: CDbCommand falló al ejecutar la sentencia SQL: SQLSTATE[23503]: Foreign key violation: 7 ERROR:  inserción o actualización en la tabla «auth_assignment» viola la llave foránea «fk_auth_ass_auth_assi_auth_ite»
DETAIL:  La llave (itemname)=(cliente) no está presente en la tabla «auth_item».. The SQL statement executed was: INSERT INTO "auth_assignment" ("itemname", "userid", "bizrule", "data") VALUES (:itemname, :userid, :bizrule, :data) in /var/www/html/plataformaik/vendor/square1-io/yii-framework/db/CDbCommand.php:358
Stack trace:
#0 /var/www/html/plataformaik/vendor/square1-io/yii-framework/db/CDbCommand.php(1250): CDbCommand->execute(Array)
#1 /var/www/html/plataformaik/vendor/square1-io/yii-framework/web/auth/CDbAuthManager.php(262): CDbCommand->insert('auth_assignment', Array)
#2 /var/www/html/plataformaik/protected/components/UserIdentity.php(46): CDbAuthManager->assign('cliente', 'usr_001')
#3 /var/www/html/plataformaik/protected/models/LoginForm.php(52): UserIdentity->authenticate()
#4 /var/www/html/plataformaik/vendor/square1-io/yii-framework/validators/CInlineValidator.php(42): LoginForm->authenticate('password', Array)
#5 /var/www/html/plataformaik/vendor/square1-io/yii-framework/validators/CValidator.php(213): CInlineValidator->validateAttribute(Object(LoginForm), 'password')
#6 /var/www/html/plataformaik/vendor/square1-io/yii-framework/base/CModel.php(159): CValidator->validate(Object(LoginForm), Array)
#7 /var/www/html/plataformaik/vendor/square1-io/yii-framework/web/widgets/CActiveForm.php(920): CModel->validate(NULL)
#8 /var/www/html/plataformaik/protected/controllers/SiteController.php(148): CActiveForm::validate(Array)
#9 /var/www/html/plataformaik/vendor/square1-io/yii-framework/web/actions/CInlineAction.php(49): SiteController->actionLogin()
#10 /var/www/html/plataformaik/vendor/square1-io/yii-framework/web/CController.php(308): CInlineAction->runWithParams(Array)
#11 /var/www/html/plataformaik/vendor/square1-io/yii-framework/web/CController.php(286): CController->runAction(Object(CInlineAction))
#12 /var/www/html/plataformaik/vendor/square1-io/yii-framework/web/CController.php(265): CController->runActionWithFilters(Object(CInlineAction), Array)
#13 /var/www/html/plataformaik/vendor/square1-io/yii-framework/web/CWebApplication.php(282): CController->run('login')
#14 /var/www/html/plataformaik/vendor/square1-io/yii-framework/web/CWebApplication.php(141): CWebApplication->runController('site/login')
#15 /var/www/html/plataformaik/vendor/square1-io/yii-framework/base/CApplication.php(180): CWebApplication->processRequest()
#16 /var/www/html/plataformaik/index.php(13): CApplication->run()
#17 {main}
REQUEST_URI=/plataformaik/site/login
HTTP_REFERER=http://localhost/plataformaik/site/login
---
2016/07/18 20:51:57 [error] [system.db.CDbCommand] CDbCommand::execute() falló: SQLSTATE[23503]: Foreign key violation: 7 ERROR:  inserción o actualización en la tabla «auth_assignment» viola la llave foránea «fk_auth_ass_auth_assi_auth_ite»
DETAIL:  La llave (itemname)=(cliente) no está presente en la tabla «auth_item».. La sentencia SQL ejecutada fue: INSERT INTO "auth_assignment" ("itemname", "userid", "bizrule", "data") VALUES (:itemname, :userid, :bizrule, :data).
in /var/www/html/plataformaik/protected/components/UserIdentity.php (46)
in /var/www/html/plataformaik/protected/models/LoginForm.php (52)
in /var/www/html/plataformaik/protected/controllers/SiteController.php (148)
2016/07/18 20:51:57 [error] [exception.CDbException] CDbException: CDbCommand falló al ejecutar la sentencia SQL: SQLSTATE[23503]: Foreign key violation: 7 ERROR:  inserción o actualización en la tabla «auth_assignment» viola la llave foránea «fk_auth_ass_auth_assi_auth_ite»
DETAIL:  La llave (itemname)=(cliente) no está presente en la tabla «auth_item».. The SQL statement executed was: INSERT INTO "auth_assignment" ("itemname", "userid", "bizrule", "data") VALUES (:itemname, :userid, :bizrule, :data) in /var/www/html/plataformaik/vendor/square1-io/yii-framework/db/CDbCommand.php:358
Stack trace:
#0 /var/www/html/plataformaik/vendor/square1-io/yii-framework/db/CDbCommand.php(1250): CDbCommand->execute(Array)
#1 /var/www/html/plataformaik/vendor/square1-io/yii-framework/web/auth/CDbAuthManager.php(262): CDbCommand->insert('auth_assignment', Array)
#2 /var/www/html/plataformaik/protected/components/UserIdentity.php(46): CDbAuthManager->assign('cliente', 'usr_001')
#3 /var/www/html/plataformaik/protected/models/LoginForm.php(52): UserIdentity->authenticate()
#4 /var/www/html/plataformaik/vendor/square1-io/yii-framework/validators/CInlineValidator.php(42): LoginForm->authenticate('password', Array)
#5 /var/www/html/plataformaik/vendor/square1-io/yii-framework/validators/CValidator.php(213): CInlineValidator->validateAttribute(Object(LoginForm), 'password')
#6 /var/www/html/plataformaik/vendor/square1-io/yii-framework/base/CModel.php(159): CValidator->validate(Object(LoginForm), Array)
#7 /var/www/html/plataformaik/vendor/square1-io/yii-framework/web/widgets/CActiveForm.php(920): CModel->validate(NULL)
#8 /var/www/html/plataformaik/protected/controllers/SiteController.php(148): CActiveForm::validate(Array)
#9 /var/www/html/plataformaik/vendor/square1-io/yii-framework/web/actions/CInlineAction.php(49): SiteController->actionLogin()
#10 /var/www/html/plataformaik/vendor/square1-io/yii-framework/web/CController.php(308): CInlineAction->runWithParams(Array)
#11 /var/www/html/plataformaik/vendor/square1-io/yii-framework/web/CController.php(286): CController->runAction(Object(CInlineAction))
#12 /var/www/html/plataformaik/vendor/square1-io/yii-framework/web/CController.php(265): CController->runActionWithFilters(Object(CInlineAction), Array)
#13 /var/www/html/plataformaik/vendor/square1-io/yii-framework/web/CWebApplication.php(282): CController->run('login')
#14 /var/www/html/plataformaik/vendor/square1-io/yii-framework/web/CWebApplication.php(141): CWebApplication->runController('site/login')
#15 /var/www/html/plataformaik/vendor/square1-io/yii-framework/base/CApplication.php(180): CWebApplication->processRequest()
#16 /var/www/html/plataformaik/index.php(13): CApplication->run()
#17 {main}
REQUEST_URI=/plataformaik/site/login
HTTP_REFERER=http://localhost/plataformaik/site/login
---
2016/07/18 20:51:59 [error] [system.db.CDbCommand] CDbCommand::execute() falló: SQLSTATE[23503]: Foreign key violation: 7 ERROR:  inserción o actualización en la tabla «auth_assignment» viola la llave foránea «fk_auth_ass_auth_assi_auth_ite»
DETAIL:  La llave (itemname)=(cliente) no está presente en la tabla «auth_item».. La sentencia SQL ejecutada fue: INSERT INTO "auth_assignment" ("itemname", "userid", "bizrule", "data") VALUES (:itemname, :userid, :bizrule, :data).
in /var/www/html/plataformaik/protected/components/UserIdentity.php (46)
in /var/www/html/plataformaik/protected/models/LoginForm.php (52)
in /var/www/html/plataformaik/protected/controllers/SiteController.php (148)
2016/07/18 20:51:59 [error] [exception.CDbException] CDbException: CDbCommand falló al ejecutar la sentencia SQL: SQLSTATE[23503]: Foreign key violation: 7 ERROR:  inserción o actualización en la tabla «auth_assignment» viola la llave foránea «fk_auth_ass_auth_assi_auth_ite»
DETAIL:  La llave (itemname)=(cliente) no está presente en la tabla «auth_item».. The SQL statement executed was: INSERT INTO "auth_assignment" ("itemname", "userid", "bizrule", "data") VALUES (:itemname, :userid, :bizrule, :data) in /var/www/html/plataformaik/vendor/square1-io/yii-framework/db/CDbCommand.php:358
Stack trace:
#0 /var/www/html/plataformaik/vendor/square1-io/yii-framework/db/CDbCommand.php(1250): CDbCommand->execute(Array)
#1 /var/www/html/plataformaik/vendor/square1-io/yii-framework/web/auth/CDbAuthManager.php(262): CDbCommand->insert('auth_assignment', Array)
#2 /var/www/html/plataformaik/protected/components/UserIdentity.php(46): CDbAuthManager->assign('cliente', 'usr_001')
#3 /var/www/html/plataformaik/protected/models/LoginForm.php(52): UserIdentity->authenticate()
#4 /var/www/html/plataformaik/vendor/square1-io/yii-framework/validators/CInlineValidator.php(42): LoginForm->authenticate('password', Array)
#5 /var/www/html/plataformaik/vendor/square1-io/yii-framework/validators/CValidator.php(213): CInlineValidator->validateAttribute(Object(LoginForm), 'password')
#6 /var/www/html/plataformaik/vendor/square1-io/yii-framework/base/CModel.php(159): CValidator->validate(Object(LoginForm), Array)
#7 /var/www/html/plataformaik/vendor/square1-io/yii-framework/web/widgets/CActiveForm.php(920): CModel->validate(NULL)
#8 /var/www/html/plataformaik/protected/controllers/SiteController.php(148): CActiveForm::validate(Array)
#9 /var/www/html/plataformaik/vendor/square1-io/yii-framework/web/actions/CInlineAction.php(49): SiteController->actionLogin()
#10 /var/www/html/plataformaik/vendor/square1-io/yii-framework/web/CController.php(308): CInlineAction->runWithParams(Array)
#11 /var/www/html/plataformaik/vendor/square1-io/yii-framework/web/CController.php(286): CController->runAction(Object(CInlineAction))
#12 /var/www/html/plataformaik/vendor/square1-io/yii-framework/web/CController.php(265): CController->runActionWithFilters(Object(CInlineAction), Array)
#13 /var/www/html/plataformaik/vendor/square1-io/yii-framework/web/CWebApplication.php(282): CController->run('login')
#14 /var/www/html/plataformaik/vendor/square1-io/yii-framework/web/CWebApplication.php(141): CWebApplication->runController('site/login')
#15 /var/www/html/plataformaik/vendor/square1-io/yii-framework/base/CApplication.php(180): CWebApplication->processRequest()
#16 /var/www/html/plataformaik/index.php(13): CApplication->run()
#17 {main}
REQUEST_URI=/plataformaik/site/login
HTTP_REFERER=http://localhost/plataformaik/site/login
---
2016/07/18 20:53:46 [error] [system.db.CDbCommand] CDbCommand::execute() falló: SQLSTATE[23503]: Foreign key violation: 7 ERROR:  inserción o actualización en la tabla «auth_assignment» viola la llave foránea «fk_auth_ass_auth_assi_auth_ite»
DETAIL:  La llave (itemname)=(cliente) no está presente en la tabla «auth_item».. La sentencia SQL ejecutada fue: INSERT INTO "auth_assignment" ("itemname", "userid", "bizrule", "data") VALUES (:itemname, :userid, :bizrule, :data).
in /var/www/html/plataformaik/protected/components/UserIdentity.php (46)
in /var/www/html/plataformaik/protected/models/LoginForm.php (52)
in /var/www/html/plataformaik/protected/controllers/SiteController.php (148)
2016/07/18 20:53:46 [error] [exception.CDbException] CDbException: CDbCommand falló al ejecutar la sentencia SQL: SQLSTATE[23503]: Foreign key violation: 7 ERROR:  inserción o actualización en la tabla «auth_assignment» viola la llave foránea «fk_auth_ass_auth_assi_auth_ite»
DETAIL:  La llave (itemname)=(cliente) no está presente en la tabla «auth_item».. The SQL statement executed was: INSERT INTO "auth_assignment" ("itemname", "userid", "bizrule", "data") VALUES (:itemname, :userid, :bizrule, :data) in /var/www/html/plataformaik/vendor/square1-io/yii-framework/db/CDbCommand.php:358
Stack trace:
#0 /var/www/html/plataformaik/vendor/square1-io/yii-framework/db/CDbCommand.php(1250): CDbCommand->execute(Array)
#1 /var/www/html/plataformaik/vendor/square1-io/yii-framework/web/auth/CDbAuthManager.php(262): CDbCommand->insert('auth_assignment', Array)
#2 /var/www/html/plataformaik/protected/components/UserIdentity.php(46): CDbAuthManager->assign('cliente', 'usr_001')
#3 /var/www/html/plataformaik/protected/models/LoginForm.php(52): UserIdentity->authenticate()
#4 /var/www/html/plataformaik/vendor/square1-io/yii-framework/validators/CInlineValidator.php(42): LoginForm->authenticate('password', Array)
#5 /var/www/html/plataformaik/vendor/square1-io/yii-framework/validators/CValidator.php(213): CInlineValidator->validateAttribute(Object(LoginForm), 'password')
#6 /var/www/html/plataformaik/vendor/square1-io/yii-framework/base/CModel.php(159): CValidator->validate(Object(LoginForm), Array)
#7 /var/www/html/plataformaik/vendor/square1-io/yii-framework/web/widgets/CActiveForm.php(920): CModel->validate(NULL)
#8 /var/www/html/plataformaik/protected/controllers/SiteController.php(148): CActiveForm::validate(Array)
#9 /var/www/html/plataformaik/vendor/square1-io/yii-framework/web/actions/CInlineAction.php(49): SiteController->actionLogin()
#10 /var/www/html/plataformaik/vendor/square1-io/yii-framework/web/CController.php(308): CInlineAction->runWithParams(Array)
#11 /var/www/html/plataformaik/vendor/square1-io/yii-framework/web/CController.php(286): CController->runAction(Object(CInlineAction))
#12 /var/www/html/plataformaik/vendor/square1-io/yii-framework/web/CController.php(265): CController->runActionWithFilters(Object(CInlineAction), Array)
#13 /var/www/html/plataformaik/vendor/square1-io/yii-framework/web/CWebApplication.php(282): CController->run('login')
#14 /var/www/html/plataformaik/vendor/square1-io/yii-framework/web/CWebApplication.php(141): CWebApplication->runController('site/login')
#15 /var/www/html/plataformaik/vendor/square1-io/yii-framework/base/CApplication.php(180): CWebApplication->processRequest()
#16 /var/www/html/plataformaik/index.php(13): CApplication->run()
#17 {main}
REQUEST_URI=/plataformaik/site/login
HTTP_REFERER=http://localhost/plataformaik/site/login
---
2016/07/18 20:53:47 [error] [system.db.CDbCommand] CDbCommand::execute() falló: SQLSTATE[23503]: Foreign key violation: 7 ERROR:  inserción o actualización en la tabla «auth_assignment» viola la llave foránea «fk_auth_ass_auth_assi_auth_ite»
DETAIL:  La llave (itemname)=(cliente) no está presente en la tabla «auth_item».. La sentencia SQL ejecutada fue: INSERT INTO "auth_assignment" ("itemname", "userid", "bizrule", "data") VALUES (:itemname, :userid, :bizrule, :data).
in /var/www/html/plataformaik/protected/components/UserIdentity.php (46)
in /var/www/html/plataformaik/protected/models/LoginForm.php (52)
in /var/www/html/plataformaik/protected/controllers/SiteController.php (148)
2016/07/18 20:53:47 [error] [exception.CDbException] CDbException: CDbCommand falló al ejecutar la sentencia SQL: SQLSTATE[23503]: Foreign key violation: 7 ERROR:  inserción o actualización en la tabla «auth_assignment» viola la llave foránea «fk_auth_ass_auth_assi_auth_ite»
DETAIL:  La llave (itemname)=(cliente) no está presente en la tabla «auth_item».. The SQL statement executed was: INSERT INTO "auth_assignment" ("itemname", "userid", "bizrule", "data") VALUES (:itemname, :userid, :bizrule, :data) in /var/www/html/plataformaik/vendor/square1-io/yii-framework/db/CDbCommand.php:358
Stack trace:
#0 /var/www/html/plataformaik/vendor/square1-io/yii-framework/db/CDbCommand.php(1250): CDbCommand->execute(Array)
#1 /var/www/html/plataformaik/vendor/square1-io/yii-framework/web/auth/CDbAuthManager.php(262): CDbCommand->insert('auth_assignment', Array)
#2 /var/www/html/plataformaik/protected/components/UserIdentity.php(46): CDbAuthManager->assign('cliente', 'usr_001')
#3 /var/www/html/plataformaik/protected/models/LoginForm.php(52): UserIdentity->authenticate()
#4 /var/www/html/plataformaik/vendor/square1-io/yii-framework/validators/CInlineValidator.php(42): LoginForm->authenticate('password', Array)
#5 /var/www/html/plataformaik/vendor/square1-io/yii-framework/validators/CValidator.php(213): CInlineValidator->validateAttribute(Object(LoginForm), 'password')
#6 /var/www/html/plataformaik/vendor/square1-io/yii-framework/base/CModel.php(159): CValidator->validate(Object(LoginForm), Array)
#7 /var/www/html/plataformaik/vendor/square1-io/yii-framework/web/widgets/CActiveForm.php(920): CModel->validate(NULL)
#8 /var/www/html/plataformaik/protected/controllers/SiteController.php(148): CActiveForm::validate(Array)
#9 /var/www/html/plataformaik/vendor/square1-io/yii-framework/web/actions/CInlineAction.php(49): SiteController->actionLogin()
#10 /var/www/html/plataformaik/vendor/square1-io/yii-framework/web/CController.php(308): CInlineAction->runWithParams(Array)
#11 /var/www/html/plataformaik/vendor/square1-io/yii-framework/web/CController.php(286): CController->runAction(Object(CInlineAction))
#12 /var/www/html/plataformaik/vendor/square1-io/yii-framework/web/CController.php(265): CController->runActionWithFilters(Object(CInlineAction), Array)
#13 /var/www/html/plataformaik/vendor/square1-io/yii-framework/web/CWebApplication.php(282): CController->run('login')
#14 /var/www/html/plataformaik/vendor/square1-io/yii-framework/web/CWebApplication.php(141): CWebApplication->runController('site/login')
#15 /var/www/html/plataformaik/vendor/square1-io/yii-framework/base/CApplication.php(180): CWebApplication->processRequest()
#16 /var/www/html/plataformaik/index.php(13): CApplication->run()
#17 {main}
REQUEST_URI=/plataformaik/site/login
HTTP_REFERER=http://localhost/plataformaik/site/login
---
2016/07/18 20:54:25 [error] [system.db.CDbCommand] CDbCommand::execute() falló: SQLSTATE[23503]: Foreign key violation: 7 ERROR:  inserción o actualización en la tabla «auth_assignment» viola la llave foránea «fk_auth_ass_auth_assi_auth_ite»
DETAIL:  La llave (itemname)=(cliente) no está presente en la tabla «auth_item».. La sentencia SQL ejecutada fue: INSERT INTO "auth_assignment" ("itemname", "userid", "bizrule", "data") VALUES (:itemname, :userid, :bizrule, :data).
in /var/www/html/plataformaik/protected/components/UserIdentity.php (46)
in /var/www/html/plataformaik/protected/models/LoginForm.php (52)
in /var/www/html/plataformaik/protected/controllers/SiteController.php (148)
2016/07/18 20:54:25 [error] [exception.CDbException] CDbException: CDbCommand falló al ejecutar la sentencia SQL: SQLSTATE[23503]: Foreign key violation: 7 ERROR:  inserción o actualización en la tabla «auth_assignment» viola la llave foránea «fk_auth_ass_auth_assi_auth_ite»
DETAIL:  La llave (itemname)=(cliente) no está presente en la tabla «auth_item».. The SQL statement executed was: INSERT INTO "auth_assignment" ("itemname", "userid", "bizrule", "data") VALUES (:itemname, :userid, :bizrule, :data) in /var/www/html/plataformaik/vendor/square1-io/yii-framework/db/CDbCommand.php:358
Stack trace:
#0 /var/www/html/plataformaik/vendor/square1-io/yii-framework/db/CDbCommand.php(1250): CDbCommand->execute(Array)
#1 /var/www/html/plataformaik/vendor/square1-io/yii-framework/web/auth/CDbAuthManager.php(262): CDbCommand->insert('auth_assignment', Array)
#2 /var/www/html/plataformaik/protected/components/UserIdentity.php(46): CDbAuthManager->assign('cliente', 'usr_001')
#3 /var/www/html/plataformaik/protected/models/LoginForm.php(52): UserIdentity->authenticate()
#4 /var/www/html/plataformaik/vendor/square1-io/yii-framework/validators/CInlineValidator.php(42): LoginForm->authenticate('password', Array)
#5 /var/www/html/plataformaik/vendor/square1-io/yii-framework/validators/CValidator.php(213): CInlineValidator->validateAttribute(Object(LoginForm), 'password')
#6 /var/www/html/plataformaik/vendor/square1-io/yii-framework/base/CModel.php(159): CValidator->validate(Object(LoginForm), Array)
#7 /var/www/html/plataformaik/vendor/square1-io/yii-framework/web/widgets/CActiveForm.php(920): CModel->validate(NULL)
#8 /var/www/html/plataformaik/protected/controllers/SiteController.php(148): CActiveForm::validate(Array)
#9 /var/www/html/plataformaik/vendor/square1-io/yii-framework/web/actions/CInlineAction.php(49): SiteController->actionLogin()
#10 /var/www/html/plataformaik/vendor/square1-io/yii-framework/web/CController.php(308): CInlineAction->runWithParams(Array)
#11 /var/www/html/plataformaik/vendor/square1-io/yii-framework/web/CController.php(286): CController->runAction(Object(CInlineAction))
#12 /var/www/html/plataformaik/vendor/square1-io/yii-framework/web/CController.php(265): CController->runActionWithFilters(Object(CInlineAction), Array)
#13 /var/www/html/plataformaik/vendor/square1-io/yii-framework/web/CWebApplication.php(282): CController->run('login')
#14 /var/www/html/plataformaik/vendor/square1-io/yii-framework/web/CWebApplication.php(141): CWebApplication->runController('site/login')
#15 /var/www/html/plataformaik/vendor/square1-io/yii-framework/base/CApplication.php(180): CWebApplication->processRequest()
#16 /var/www/html/plataformaik/index.php(13): CApplication->run()
#17 {main}
REQUEST_URI=/plataformaik/site/login
HTTP_REFERER=http://localhost/plataformaik/site/login
---
2016/07/18 20:54:27 [error] [system.db.CDbCommand] CDbCommand::execute() falló: SQLSTATE[23503]: Foreign key violation: 7 ERROR:  inserción o actualización en la tabla «auth_assignment» viola la llave foránea «fk_auth_ass_auth_assi_auth_ite»
DETAIL:  La llave (itemname)=(cliente) no está presente en la tabla «auth_item».. La sentencia SQL ejecutada fue: INSERT INTO "auth_assignment" ("itemname", "userid", "bizrule", "data") VALUES (:itemname, :userid, :bizrule, :data).
in /var/www/html/plataformaik/protected/components/UserIdentity.php (46)
in /var/www/html/plataformaik/protected/models/LoginForm.php (52)
in /var/www/html/plataformaik/protected/controllers/SiteController.php (148)
2016/07/18 20:54:27 [error] [exception.CDbException] CDbException: CDbCommand falló al ejecutar la sentencia SQL: SQLSTATE[23503]: Foreign key violation: 7 ERROR:  inserción o actualización en la tabla «auth_assignment» viola la llave foránea «fk_auth_ass_auth_assi_auth_ite»
DETAIL:  La llave (itemname)=(cliente) no está presente en la tabla «auth_item».. The SQL statement executed was: INSERT INTO "auth_assignment" ("itemname", "userid", "bizrule", "data") VALUES (:itemname, :userid, :bizrule, :data) in /var/www/html/plataformaik/vendor/square1-io/yii-framework/db/CDbCommand.php:358
Stack trace:
#0 /var/www/html/plataformaik/vendor/square1-io/yii-framework/db/CDbCommand.php(1250): CDbCommand->execute(Array)
#1 /var/www/html/plataformaik/vendor/square1-io/yii-framework/web/auth/CDbAuthManager.php(262): CDbCommand->insert('auth_assignment', Array)
#2 /var/www/html/plataformaik/protected/components/UserIdentity.php(46): CDbAuthManager->assign('cliente', 'usr_001')
#3 /var/www/html/plataformaik/protected/models/LoginForm.php(52): UserIdentity->authenticate()
#4 /var/www/html/plataformaik/vendor/square1-io/yii-framework/validators/CInlineValidator.php(42): LoginForm->authenticate('password', Array)
#5 /var/www/html/plataformaik/vendor/square1-io/yii-framework/validators/CValidator.php(213): CInlineValidator->validateAttribute(Object(LoginForm), 'password')
#6 /var/www/html/plataformaik/vendor/square1-io/yii-framework/base/CModel.php(159): CValidator->validate(Object(LoginForm), Array)
#7 /var/www/html/plataformaik/vendor/square1-io/yii-framework/web/widgets/CActiveForm.php(920): CModel->validate(NULL)
#8 /var/www/html/plataformaik/protected/controllers/SiteController.php(148): CActiveForm::validate(Array)
#9 /var/www/html/plataformaik/vendor/square1-io/yii-framework/web/actions/CInlineAction.php(49): SiteController->actionLogin()
#10 /var/www/html/plataformaik/vendor/square1-io/yii-framework/web/CController.php(308): CInlineAction->runWithParams(Array)
#11 /var/www/html/plataformaik/vendor/square1-io/yii-framework/web/CController.php(286): CController->runAction(Object(CInlineAction))
#12 /var/www/html/plataformaik/vendor/square1-io/yii-framework/web/CController.php(265): CController->runActionWithFilters(Object(CInlineAction), Array)
#13 /var/www/html/plataformaik/vendor/square1-io/yii-framework/web/CWebApplication.php(282): CController->run('login')
#14 /var/www/html/plataformaik/vendor/square1-io/yii-framework/web/CWebApplication.php(141): CWebApplication->runController('site/login')
#15 /var/www/html/plataformaik/vendor/square1-io/yii-framework/base/CApplication.php(180): CWebApplication->processRequest()
#16 /var/www/html/plataformaik/index.php(13): CApplication->run()
#17 {main}
REQUEST_URI=/plataformaik/site/login
HTTP_REFERER=http://localhost/plataformaik/site/login
---
2016/07/18 20:59:01 [error] [system.db.CDbCommand] CDbCommand::execute() falló: SQLSTATE[23503]: Foreign key violation: 7 ERROR:  inserción o actualización en la tabla «auth_assignment» viola la llave foránea «fk_auth_ass_auth_assi_auth_ite»
DETAIL:  La llave (itemname)=(cliente) no está presente en la tabla «auth_item».. La sentencia SQL ejecutada fue: INSERT INTO "auth_assignment" ("itemname", "userid", "bizrule", "data") VALUES (:itemname, :userid, :bizrule, :data).
in /var/www/html/plataformaik/protected/components/UserIdentity.php (46)
in /var/www/html/plataformaik/protected/models/LoginForm.php (52)
in /var/www/html/plataformaik/protected/controllers/SiteController.php (148)
2016/07/18 20:59:01 [error] [exception.CDbException] CDbException: CDbCommand falló al ejecutar la sentencia SQL: SQLSTATE[23503]: Foreign key violation: 7 ERROR:  inserción o actualización en la tabla «auth_assignment» viola la llave foránea «fk_auth_ass_auth_assi_auth_ite»
DETAIL:  La llave (itemname)=(cliente) no está presente en la tabla «auth_item».. The SQL statement executed was: INSERT INTO "auth_assignment" ("itemname", "userid", "bizrule", "data") VALUES (:itemname, :userid, :bizrule, :data) in /var/www/html/plataformaik/vendor/square1-io/yii-framework/db/CDbCommand.php:358
Stack trace:
#0 /var/www/html/plataformaik/vendor/square1-io/yii-framework/db/CDbCommand.php(1250): CDbCommand->execute(Array)
#1 /var/www/html/plataformaik/vendor/square1-io/yii-framework/web/auth/CDbAuthManager.php(262): CDbCommand->insert('auth_assignment', Array)
#2 /var/www/html/plataformaik/protected/components/UserIdentity.php(46): CDbAuthManager->assign('cliente', 'usr_001')
#3 /var/www/html/plataformaik/protected/models/LoginForm.php(52): UserIdentity->authenticate()
#4 /var/www/html/plataformaik/vendor/square1-io/yii-framework/validators/CInlineValidator.php(42): LoginForm->authenticate('password', Array)
#5 /var/www/html/plataformaik/vendor/square1-io/yii-framework/validators/CValidator.php(213): CInlineValidator->validateAttribute(Object(LoginForm), 'password')
#6 /var/www/html/plataformaik/vendor/square1-io/yii-framework/base/CModel.php(159): CValidator->validate(Object(LoginForm), Array)
#7 /var/www/html/plataformaik/vendor/square1-io/yii-framework/web/widgets/CActiveForm.php(920): CModel->validate(NULL)
#8 /var/www/html/plataformaik/protected/controllers/SiteController.php(148): CActiveForm::validate(Array)
#9 /var/www/html/plataformaik/vendor/square1-io/yii-framework/web/actions/CInlineAction.php(49): SiteController->actionLogin()
#10 /var/www/html/plataformaik/vendor/square1-io/yii-framework/web/CController.php(308): CInlineAction->runWithParams(Array)
#11 /var/www/html/plataformaik/vendor/square1-io/yii-framework/web/CController.php(286): CController->runAction(Object(CInlineAction))
#12 /var/www/html/plataformaik/vendor/square1-io/yii-framework/web/CController.php(265): CController->runActionWithFilters(Object(CInlineAction), Array)
#13 /var/www/html/plataformaik/vendor/square1-io/yii-framework/web/CWebApplication.php(282): CController->run('login')
#14 /var/www/html/plataformaik/vendor/square1-io/yii-framework/web/CWebApplication.php(141): CWebApplication->runController('site/login')
#15 /var/www/html/plataformaik/vendor/square1-io/yii-framework/base/CApplication.php(180): CWebApplication->processRequest()
#16 /var/www/html/plataformaik/index.php(13): CApplication->run()
#17 {main}
REQUEST_URI=/plataformaik/site/login
HTTP_REFERER=http://localhost/plataformaik/site/login
---
2016/07/18 21:14:22 [error] [exception.CHttpException.404] CHttpException: El sistema no ha podido encontrar la acción "searchVehicle" solicitada. in /var/www/html/plataformaik/vendor/square1-io/yii-framework/web/CController.php:483
Stack trace:
#0 /var/www/html/plataformaik/vendor/square1-io/yii-framework/web/CController.php(270): CController->missingAction('searchVehicle')
#1 /var/www/html/plataformaik/vendor/square1-io/yii-framework/web/CWebApplication.php(282): CController->run('searchVehicle')
#2 /var/www/html/plataformaik/vendor/square1-io/yii-framework/web/CWebApplication.php(141): CWebApplication->runController('avl/searchVehic...')
#3 /var/www/html/plataformaik/vendor/square1-io/yii-framework/base/CApplication.php(180): CWebApplication->processRequest()
#4 /var/www/html/plataformaik/index.php(13): CApplication->run()
#5 {main}
REQUEST_URI=/plataformaik/avl/searchVehicle
HTTP_REFERER=http://localhost/plataformaik/
---
2016/07/18 21:14:58 [error] [exception.CException] CException: AvlController no ha podido encontrar la vista "search_vehicle" solicitada. in /var/www/html/plataformaik/vendor/square1-io/yii-framework/web/CController.php:878
Stack trace:
#0 /var/www/html/plataformaik/vendor/square1-io/yii-framework/web/CController.php(782): CController->renderPartial('search_vehicle', NULL, true)
#1 /var/www/html/plataformaik/protected/controllers/AvlController.php(12): CController->render('search_vehicle')
#2 /var/www/html/plataformaik/vendor/square1-io/yii-framework/web/actions/CInlineAction.php(49): AvlController->actionSearchVehicle()
#3 /var/www/html/plataformaik/vendor/square1-io/yii-framework/web/CController.php(308): CInlineAction->runWithParams(Array)
#4 /var/www/html/plataformaik/vendor/square1-io/yii-framework/web/CController.php(286): CController->runAction(Object(CInlineAction))
#5 /var/www/html/plataformaik/vendor/square1-io/yii-framework/web/CController.php(265): CController->runActionWithFilters(Object(CInlineAction), Array)
#6 /var/www/html/plataformaik/vendor/square1-io/yii-framework/web/CWebApplication.php(282): CController->run('searchVehicle')
#7 /var/www/html/plataformaik/vendor/square1-io/yii-framework/web/CWebApplication.php(141): CWebApplication->runController('avl/searchVehic...')
#8 /var/www/html/plataformaik/vendor/square1-io/yii-framework/base/CApplication.php(180): CWebApplication->processRequest()
#9 /var/www/html/plataformaik/index.php(13): CApplication->run()
#10 {main}
REQUEST_URI=/plataformaik/avl/searchVehicle
HTTP_REFERER=http://localhost/plataformaik/
---
2016/07/19 21:41:21 [error] [exception.CHttpException.404] CHttpException: No es posible resolver la solicitud "_record_ubication" in /var/www/html/plataformaik/vendor/square1-io/yii-framework/web/CWebApplication.php:286
Stack trace:
#0 /var/www/html/plataformaik/vendor/square1-io/yii-framework/web/CWebApplication.php(141): CWebApplication->runController('_record_ubicati...')
#1 /var/www/html/plataformaik/vendor/square1-io/yii-framework/base/CApplication.php(180): CWebApplication->processRequest()
#2 /var/www/html/plataformaik/index.php(13): CApplication->run()
#3 {main}
REQUEST_URI=/plataformaik/_record_ubication
---
2016/07/19 21:41:54 [error] [exception.CHttpException.404] CHttpException: El sistema no ha podido encontrar la acción "index" solicitada. in /var/www/html/plataformaik/vendor/square1-io/yii-framework/web/CController.php:483
Stack trace:
#0 /var/www/html/plataformaik/vendor/square1-io/yii-framework/web/CController.php(270): CController->missingAction('')
#1 /var/www/html/plataformaik/vendor/square1-io/yii-framework/web/CWebApplication.php(282): CController->run('')
#2 /var/www/html/plataformaik/vendor/square1-io/yii-framework/web/CWebApplication.php(141): CWebApplication->runController('avl')
#3 /var/www/html/plataformaik/vendor/square1-io/yii-framework/base/CApplication.php(180): CWebApplication->processRequest()
#4 /var/www/html/plataformaik/index.php(13): CApplication->run()
#5 {main}
REQUEST_URI=/plataformaik/avl/
---
2016/07/19 21:50:32 [error] [exception.CHttpException.403] CHttpException: Usted no se encuentra autorizado a realizar esta acción. in /var/www/html/plataformaik/vendor/square1-io/yii-framework/web/auth/CAccessControlFilter.php:182
Stack trace:
#0 /var/www/html/plataformaik/vendor/square1-io/yii-framework/web/auth/CAccessControlFilter.php(145): CAccessControlFilter->accessDenied(Object(CWebUser), 'Usted no se enc...')
#1 /var/www/html/plataformaik/vendor/square1-io/yii-framework/web/filters/CFilter.php(38): CAccessControlFilter->preFilter(Object(CFilterChain))
#2 /var/www/html/plataformaik/vendor/square1-io/yii-framework/web/CController.php(1145): CFilter->filter(Object(CFilterChain))
#3 /var/www/html/plataformaik/vendor/square1-io/yii-framework/web/filters/CInlineFilter.php(58): CController->filterAccessControl(Object(CFilterChain))
#4 /var/www/html/plataformaik/vendor/square1-io/yii-framework/web/filters/CFilterChain.php(130): CInlineFilter->filter(Object(CFilterChain))
#5 /var/www/html/plataformaik/vendor/square1-io/yii-framework/web/CController.php(291): CFilterChain->run()
#6 /var/www/html/plataformaik/vendor/square1-io/yii-framework/web/CController.php(265): CController->runActionWithFilters(Object(CInlineAction), Array)
#7 /var/www/html/plataformaik/vendor/square1-io/yii-framework/web/CWebApplication.php(282): CController->run('admin')
#8 /var/www/html/plataformaik/vendor/square1-io/yii-framework/web/CWebApplication.php(141): CWebApplication->runController('localization/ad...')
#9 /var/www/html/plataformaik/vendor/square1-io/yii-framework/base/CApplication.php(180): CWebApplication->processRequest()
#10 /var/www/html/plataformaik/index.php(13): CApplication->run()
#11 {main}
REQUEST_URI=/plataformaik/localization/admin
HTTP_REFERER=http://localhost/plataformaik/localization/create
---
2016/07/19 22:43:00 [error] [exception.CHttpException.404] CHttpException: El sistema no ha podido encontrar la acción "index.php" solicitada. in /var/www/html/plataformaik/vendor/square1-io/yii-framework/web/CController.php:483
Stack trace:
#0 /var/www/html/plataformaik/vendor/square1-io/yii-framework/web/CController.php(270): CController->missingAction('index.php')
#1 /var/www/html/plataformaik/vendor/square1-io/yii-framework/web/CWebApplication.php(282): CController->run('index.php')
#2 /var/www/html/plataformaik/vendor/square1-io/yii-framework/web/CWebApplication.php(141): CWebApplication->runController('localization/in...')
#3 /var/www/html/plataformaik/vendor/square1-io/yii-framework/base/CApplication.php(180): CWebApplication->processRequest()
#4 /var/www/html/plataformaik/index.php(13): CApplication->run()
#5 {main}
REQUEST_URI=/plataformaik/localization/index.php?idloc=1
---
2016/07/19 22:44:25 [error] [php] Undefined variable: dataProvider (/var/www/html/plataformaik/protected/controllers/LocalizationController.php:138)
Stack trace:
#0 /var/www/html/plataformaik/vendor/square1-io/yii-framework/web/filters/CFilterChain.php(133): LocalizationController->runAction()
#1 /var/www/html/plataformaik/vendor/square1-io/yii-framework/web/filters/CFilter.php(40): CFilterChain->run()
#2 /var/www/html/plataformaik/vendor/square1-io/yii-framework/web/CController.php(1145): CAccessControlFilter->filter()
#3 /var/www/html/plataformaik/vendor/square1-io/yii-framework/web/filters/CInlineFilter.php(58): LocalizationController->filterAccessControl()
#4 /var/www/html/plataformaik/vendor/square1-io/yii-framework/web/filters/CFilterChain.php(130): CInlineFilter->filter()
#5 /var/www/html/plataformaik/vendor/square1-io/yii-framework/web/CController.php(291): CFilterChain->run()
#6 /var/www/html/plataformaik/vendor/square1-io/yii-framework/web/CController.php(265): LocalizationController->runActionWithFilters()
#7 /var/www/html/plataformaik/vendor/square1-io/yii-framework/web/CWebApplication.php(282): LocalizationController->run()
#8 /var/www/html/plataformaik/vendor/square1-io/yii-framework/web/CWebApplication.php(141): CWebApplication->runController()
#9 /var/www/html/plataformaik/vendor/square1-io/yii-framework/base/CApplication.php(180): CWebApplication->processRequest()
#10 /var/www/html/plataformaik/index.php(13): CWebApplication->run()
REQUEST_URI=/plataformaik/localization/index?idloc=1
in /var/www/html/plataformaik/protected/controllers/LocalizationController.php (138)
in /var/www/html/plataformaik/index.php (13)
2016/07/19 22:45:05 [error] [php] Undefined variable: dataProvider (/var/www/html/plataformaik/protected/views/localization/index.php:18)
Stack trace:
#0 /var/www/html/plataformaik/vendor/square1-io/yii-framework/web/CController.php(869): LocalizationController->renderFile()
#1 /var/www/html/plataformaik/vendor/square1-io/yii-framework/web/CController.php(782): LocalizationController->renderPartial()
#2 /var/www/html/plataformaik/protected/controllers/LocalizationController.php(137): LocalizationController->render()
#3 /var/www/html/plataformaik/vendor/square1-io/yii-framework/web/actions/CInlineAction.php(49): LocalizationController->actionIndex()
#4 /var/www/html/plataformaik/vendor/square1-io/yii-framework/web/CController.php(308): CInlineAction->runWithParams()
#5 /var/www/html/plataformaik/vendor/square1-io/yii-framework/web/filters/CFilterChain.php(133): LocalizationController->runAction()
#6 /var/www/html/plataformaik/vendor/square1-io/yii-framework/web/filters/CFilter.php(40): CFilterChain->run()
#7 /var/www/html/plataformaik/vendor/square1-io/yii-framework/web/CController.php(1145): CAccessControlFilter->filter()
#8 /var/www/html/plataformaik/vendor/square1-io/yii-framework/web/filters/CInlineFilter.php(58): LocalizationController->filterAccessControl()
#9 /var/www/html/plataformaik/vendor/square1-io/yii-framework/web/filters/CFilterChain.php(130): CInlineFilter->filter()
#10 /var/www/html/plataformaik/vendor/square1-io/yii-framework/web/CController.php(291): CFilterChain->run()
#11 /var/www/html/plataformaik/vendor/square1-io/yii-framework/web/CController.php(265): LocalizationController->runActionWithFilters()
#12 /var/www/html/plataformaik/vendor/square1-io/yii-framework/web/CWebApplication.php(282): LocalizationController->run()
#13 /var/www/html/plataformaik/vendor/square1-io/yii-framework/web/CWebApplication.php(141): CWebApplication->runController()
#14 /var/www/html/plataformaik/vendor/square1-io/yii-framework/base/CApplication.php(180): CWebApplication->processRequest()
#15 /var/www/html/plataformaik/index.php(13): CWebApplication->run()
REQUEST_URI=/plataformaik/localization/index?idloc=1
in /var/www/html/plataformaik/protected/views/localization/index.php (18)
in /var/www/html/plataformaik/protected/controllers/LocalizationController.php (137)
in /var/www/html/plataformaik/index.php (13)
2016/07/19 22:58:52 [error] [php] Undefined variable: localization (/var/www/html/plataformaik/protected/views/avl/_search_vehicle.php:2)
Stack trace:
#0 /var/www/html/plataformaik/vendor/square1-io/yii-framework/web/CController.php(869): AvlController->renderFile()
#1 /var/www/html/plataformaik/vendor/square1-io/yii-framework/web/CController.php(782): AvlController->renderPartial()
#2 /var/www/html/plataformaik/protected/controllers/AvlController.php(12): AvlController->render()
#3 /var/www/html/plataformaik/vendor/square1-io/yii-framework/web/actions/CInlineAction.php(49): AvlController->actionSearchVehicle()
#4 /var/www/html/plataformaik/vendor/square1-io/yii-framework/web/CController.php(308): CInlineAction->runWithParams()
#5 /var/www/html/plataformaik/vendor/square1-io/yii-framework/web/CController.php(286): AvlController->runAction()
#6 /var/www/html/plataformaik/vendor/square1-io/yii-framework/web/CController.php(265): AvlController->runActionWithFilters()
#7 /var/www/html/plataformaik/vendor/square1-io/yii-framework/web/CWebApplication.php(282): AvlController->run()
#8 /var/www/html/plataformaik/vendor/square1-io/yii-framework/web/CWebApplication.php(141): CWebApplication->runController()
#9 /var/www/html/plataformaik/vendor/square1-io/yii-framework/base/CApplication.php(180): CWebApplication->processRequest()
#10 /var/www/html/plataformaik/index.php(13): CWebApplication->run()
REQUEST_URI=/plataformaik/avl/searchVehicle
in /var/www/html/plataformaik/protected/views/avl/_search_vehicle.php (2)
in /var/www/html/plataformaik/protected/controllers/AvlController.php (12)
in /var/www/html/plataformaik/index.php (13)
